{"/home/jailuser/git/web/components/AppNoLink.tsx": {"path":"/home/jailuser/git/web/components/AppNoLink.tsx","statementMap":{"0":{"start":{"line":1,"column":0},"end":{"line":1,"column":29}},"1":{"start":{"line":2,"column":0},"end":{"line":2,"column":38}},"2":{"start":{"line":4,"column":28},"end":{"line":4,"column":30}},"3":{"start":{"line":4,"column":34},"end":{"line":4,"column":51}},"4":{"start":{"line":5,"column":2},"end":{"line":24,"column":4}},"5":{"start":{"line":32,"column":0},"end":{"line":32,"column":31}}},"fnMap":{"0":{"name":"AppNoLink","decl":{"start":{"line":4,"column":9},"end":{"line":4,"column":18}},"loc":{"start":{"line":4,"column":51},"end":{"line":25,"column":1}}}},"branchMap":{},"s":{"0":0,"1":0,"2":0,"3":0,"4":0,"5":0},"f":{"0":0},"b":{}}
,"/home/jailuser/git/web/components/CoralFooter.tsx": {"path":"/home/jailuser/git/web/components/CoralFooter.tsx","statementMap":{"0":{"start":{"line":1,"column":0},"end":{"line":1,"column":29}},"1":{"start":{"line":2,"column":0},"end":{"line":2,"column":38}},"2":{"start":{"line":3,"column":0},"end":{"line":3,"column":29}},"3":{"start":{"line":6,"column":2},"end":{"line":45,"column":4}},"4":{"start":{"line":48,"column":0},"end":{"line":48,"column":33}}},"fnMap":{"0":{"name":"CoralFooter","decl":{"start":{"line":5,"column":9},"end":{"line":5,"column":20}},"loc":{"start":{"line":5,"column":20},"end":{"line":46,"column":1}}}},"branchMap":{},"s":{"0":0,"1":0,"2":0,"3":0,"4":0},"f":{"0":0},"b":{}}
,"/home/jailuser/git/web/components/Hero.tsx": {"path":"/home/jailuser/git/web/components/Hero.tsx","statementMap":{"0":{"start":{"line":1,"column":0},"end":{"line":1,"column":29}},"1":{"start":{"line":5,"column":0},"end":{"line":5,"column":33}},"2":{"start":{"line":24,"column":2},"end":{"line":114,"column":4}},"3":{"start":{"line":51,"column":45},"end":{"line":51,"column":69}},"4":{"start":{"line":117,"column":0},"end":{"line":117,"column":26}}},"fnMap":{"0":{"name":"Hero","decl":{"start":{"line":7,"column":9},"end":{"line":7,"column":13}},"loc":{"start":{"line":7,"column":13},"end":{"line":115,"column":1}}},"1":{"name":"(anonymous_1)","decl":{"start":{"line":51,"column":40},"end":{"line":51,"column":41}},"loc":{"start":{"line":51,"column":41},"end":{"line":51,"column":46}}}},"branchMap":{},"s":{"0":0,"1":0,"2":0,"3":0,"4":0},"f":{"0":0,"1":0},"b":{}}
,"/home/jailuser/git/web/components/Nav.tsx": {"path":"/home/jailuser/git/web/components/Nav.tsx","statementMap":{"0":{"start":{"line":1,"column":0},"end":{"line":1,"column":53}},"1":{"start":{"line":2,"column":0},"end":{"line":2,"column":77}},"2":{"start":{"line":3,"column":0},"end":{"line":3,"column":38}},"3":{"start":{"line":4,"column":0},"end":{"line":4,"column":29}},"4":{"start":{"line":5,"column":0},"end":{"line":5,"column":40}},"5":{"start":{"line":6,"column":0},"end":{"line":6,"column":29}},"6":{"start":{"line":8,"column":20},"end":{"line":8,"column":35}},"7":{"start":{"line":9,"column":2},"end":{"line":9,"column":43}},"8":{"start":{"line":12,"column":13},"end":{"line":21,"column":2}},"9":{"start":{"line":24,"column":17},"end":{"line":24,"column":28}},"10":{"start":{"line":26,"column":2},"end":{"line":145,"column":4}},"11":{"start":{"line":29,"column":16},"end":{"line":29,"column":18}},"12":{"start":{"line":29,"column":23},"end":{"line":142,"column":null}},"13":{"start":{"line":45,"column":20},"end":{"line":99,"column":null}},"14":{"start":{"line":46,"column":22},"end":{"line":59,"column":24}},"15":{"start":{"line":60,"column":27},"end":{"line":99,"column":null}},"16":{"start":{"line":61,"column":22},"end":{"line":81,"column":24}},"17":{"start":{"line":70,"column":42},"end":{"line":78,"column":30}},"18":{"start":{"line":83,"column":22},"end":{"line":98,"column":24}},"19":{"start":{"line":126,"column":47},"end":{"line":138,"column":18}},"20":{"start":{"line":148,"column":0},"end":{"line":148,"column":25}}},"fnMap":{"0":{"name":"classNames","decl":{"start":{"line":8,"column":9},"end":{"line":8,"column":19}},"loc":{"start":{"line":8,"column":19},"end":{"line":10,"column":1}}},"1":{"name":"Nav","decl":{"start":{"line":23,"column":9},"end":{"line":23,"column":12}},"loc":{"start":{"line":23,"column":12},"end":{"line":146,"column":1}}},"2":{"name":"(anonymous_3)","decl":{"start":{"line":29,"column":9},"end":{"line":29,"column":10}},"loc":{"start":{"line":29,"column":18},"end":{"line":29,"column":null}}},"3":{"name":"(anonymous_4)","decl":{"start":{"line":44,"column":32},"end":{"line":44,"column":33}},"loc":{"start":{"line":44,"column":44},"end":{"line":100,"column":19}}},"4":{"name":"(anonymous_5)","decl":{"start":{"line":70,"column":34},"end":{"line":70,"column":38}},"loc":{"start":{"line":70,"column":38},"end":{"line":70,"column":null}}},"5":{"name":"(anonymous_6)","decl":{"start":{"line":126,"column":30},"end":{"line":126,"column":31}},"loc":{"start":{"line":126,"column":42},"end":{"line":126,"column":null}}}},"branchMap":{"0":{"loc":{"start":{"line":45,"column":20},"end":{"line":99,"column":null}},"type":"if","locations":[{"start":{"line":45,"column":20},"end":{"line":99,"column":null}},{"start":{"line":60,"column":27},"end":{"line":99,"column":null}}]},"1":{"loc":{"start":{"line":54,"column":28},"end":{"line":54,"column":85}},"type":"binary-expr","locations":[{"start":{"line":54,"column":28},"end":{"line":54,"column":57}},{"start":{"line":54,"column":61},"end":{"line":54,"column":85}}]},"2":{"loc":{"start":{"line":60,"column":27},"end":{"line":99,"column":null}},"type":"if","locations":[{"start":{"line":60,"column":27},"end":{"line":99,"column":null}},{"start":{"line":82,"column":27},"end":{"line":99,"column":null}}]},"3":{"loc":{"start":{"line":89,"column":30},"end":{"line":89,"column":87}},"type":"binary-expr","locations":[{"start":{"line":89,"column":30},"end":{"line":89,"column":59}},{"start":{"line":89,"column":63},"end":{"line":89,"column":87}}]},"4":{"loc":{"start":{"line":93,"column":29},"end":{"line":94,"column":null}},"type":"binary-expr","locations":[{"start":{"line":93,"column":29},"end":{"line":93,"column":60}},{"start":{"line":94,"column":30},"end":{"line":94,"column":70}}]},"5":{"loc":{"start":{"line":113,"column":23},"end":{"line":116,"column":null}},"type":"cond-expr","locations":[{"start":{"line":114,"column":24},"end":{"line":114,"column":78}},{"start":{"line":116,"column":24},"end":{"line":116,"column":81}}]},"6":{"loc":{"start":{"line":131,"column":24},"end":{"line":131,"column":81}},"type":"binary-expr","locations":[{"start":{"line":131,"column":24},"end":{"line":131,"column":53}},{"start":{"line":131,"column":57},"end":{"line":131,"column":81}}]},"7":{"loc":{"start":{"line":135,"column":23},"end":{"line":135,"column":98}},"type":"binary-expr","locations":[{"start":{"line":135,"column":23},"end":{"line":135,"column":54}},{"start":{"line":135,"column":58},"end":{"line":135,"column":98}}]}},"s":{"0":0,"1":0,"2":0,"3":0,"4":0,"5":0,"6":0,"7":0,"8":0,"9":0,"10":0,"11":0,"12":0,"13":0,"14":0,"15":0,"16":0,"17":0,"18":0,"19":0,"20":0},"f":{"0":0,"1":0,"2":0,"3":0,"4":0,"5":0},"b":{"0":[0,0],"1":[0,0],"2":[0,0],"3":[0,0],"4":[0,0],"5":[0,0],"6":[0,0],"7":[0,0]}}
,"/home/jailuser/git/web/components/Newsletter.tsx": {"path":"/home/jailuser/git/web/components/Newsletter.tsx","statementMap":{"0":{"start":{"line":1,"column":0},"end":{"line":1,"column":39}},"1":{"start":{"line":2,"column":0},"end":{"line":2,"column":53}},"2":{"start":{"line":4,"column":0},"end":{"line":4,"column":45}},"3":{"start":{"line":7,"column":28},"end":{"line":7,"column":48}},"4":{"start":{"line":7,"column":14},"end":{"line":7,"column":16}},"5":{"start":{"line":7,"column":24},"end":{"line":7,"column":28}},"6":{"start":{"line":8,"column":38},"end":{"line":8,"column":62}},"7":{"start":{"line":8,"column":19},"end":{"line":8,"column":21}},"8":{"start":{"line":8,"column":34},"end":{"line":8,"column":38}},"9":{"start":{"line":11,"column":4},"end":{"line":11,"column":23}},"10":{"start":{"line":15,"column":6},"end":{"line":15,"column":29}},"11":{"start":{"line":16,"column":6},"end":{"line":16,"column":19}},"12":{"start":{"line":17,"column":6},"end":{"line":17,"column":26}},"13":{"start":{"line":23,"column":2},"end":{"line":74,"column":4}},"14":{"start":{"line":49,"column":31},"end":{"line":49,"column":null}},"15":{"start":{"line":77,"column":0},"end":{"line":77,"column":32}}},"fnMap":{"0":{"name":"Newsletter","decl":{"start":{"line":6,"column":9},"end":{"line":6,"column":19}},"loc":{"start":{"line":6,"column":19},"end":{"line":75,"column":1}}},"1":{"name":"subscribeEmail","decl":{"start":{"line":10,"column":17},"end":{"line":10,"column":31}},"loc":{"start":{"line":10,"column":33},"end":{"line":21,"column":null}}},"2":{"name":"(anonymous_17)","decl":{"start":{"line":49,"column":26},"end":{"line":49,"column":27}},"loc":{"start":{"line":49,"column":27},"end":{"line":49,"column":39}}}},"branchMap":{"0":{"loc":{"start":{"line":62,"column":17},"end":{"line":62,"column":77}},"type":"cond-expr","locations":[{"start":{"line":62,"column":30},"end":{"line":62,"column":63}},{"start":{"line":62,"column":66},"end":{"line":62,"column":77}}]},"1":{"loc":{"start":{"line":66,"column":15},"end":{"line":68,"column":51}},"type":"cond-expr","locations":[{"start":{"line":67,"column":18},"end":{"line":67,"column":71}},{"start":{"line":68,"column":18},"end":{"line":68,"column":51}}]}},"s":{"0":0,"1":0,"2":0,"3":0,"4":0,"5":0,"6":0,"7":0,"8":0,"9":0,"10":0,"11":0,"12":0,"13":0,"14":0,"15":0},"f":{"0":0,"1":0,"2":0},"b":{"0":[0,0],"1":[0,0]}}
,"/home/jailuser/git/web/components/Partners.tsx": {"path":"/home/jailuser/git/web/components/Partners.tsx","statementMap":{"0":{"start":{"line":1,"column":0},"end":{"line":1,"column":29}},"1":{"start":{"line":2,"column":0},"end":{"line":2,"column":38}},"2":{"start":{"line":4,"column":13},"end":{"line":30,"column":2}},"3":{"start":{"line":33,"column":2},"end":{"line":61,"column":4}},"4":{"start":{"line":39,"column":12},"end":{"line":56,"column":null}},"5":{"start":{"line":40,"column":14},"end":{"line":44,"column":16}},"6":{"start":{"line":46,"column":14},"end":{"line":55,"column":16}},"7":{"start":{"line":64,"column":0},"end":{"line":64,"column":30}}},"fnMap":{"0":{"name":"Partners","decl":{"start":{"line":32,"column":9},"end":{"line":32,"column":17}},"loc":{"start":{"line":32,"column":17},"end":{"line":62,"column":1}}},"1":{"name":"(anonymous_2)","decl":{"start":{"line":38,"column":20},"end":{"line":38,"column":21}},"loc":{"start":{"line":38,"column":32},"end":{"line":57,"column":11}}}},"branchMap":{"0":{"loc":{"start":{"line":39,"column":12},"end":{"line":56,"column":null}},"type":"if","locations":[{"start":{"line":39,"column":12},"end":{"line":56,"column":null}},{"start":{"line":45,"column":19},"end":{"line":56,"column":null}}]}},"s":{"0":0,"1":0,"2":0,"3":0,"4":0,"5":0,"6":0,"7":0},"f":{"0":0,"1":0},"b":{"0":[0,0]}}
,"/home/jailuser/git/web/components/PlaceholderApps.tsx": {"path":"/home/jailuser/git/web/components/PlaceholderApps.tsx","statementMap":{"0":{"start":{"line":2,"column":0},"end":{"line":2,"column":29}},"1":{"start":{"line":4,"column":0},"end":{"line":4,"column":30}},"2":{"start":{"line":6,"column":13},"end":{"line":18,"column":2}},"3":{"start":{"line":21,"column":2},"end":{"line":37,"column":4}},"4":{"start":{"line":30,"column":35},"end":{"line":34,"column":10}},"5":{"start":{"line":40,"column":0},"end":{"line":40,"column":37}}},"fnMap":{"0":{"name":"PlaceholderApps","decl":{"start":{"line":20,"column":9},"end":{"line":20,"column":24}},"loc":{"start":{"line":20,"column":24},"end":{"line":38,"column":1}}},"1":{"name":"(anonymous_2)","decl":{"start":{"line":30,"column":18},"end":{"line":30,"column":19}},"loc":{"start":{"line":30,"column":30},"end":{"line":30,"column":null}}}},"branchMap":{},"s":{"0":0,"1":0,"2":0,"3":0,"4":0,"5":0},"f":{"0":0,"1":0},"b":{}}
,"/home/jailuser/git/web/components/Posts.tsx": {"path":"/home/jailuser/git/web/components/Posts.tsx","statementMap":{"0":{"start":{"line":2,"column":0},"end":{"line":2,"column":58}},"1":{"start":{"line":3,"column":0},"end":{"line":3,"column":38}},"2":{"start":{"line":5,"column":17},"end":{"line":48,"column":2}},"3":{"start":{"line":51,"column":2},"end":{"line":90,"column":4}},"4":{"start":{"line":55,"column":42},"end":{"line":87,"column":10}},"5":{"start":{"line":50,"column":0},"end":{"line":50,"column":24}}},"fnMap":{"0":{"name":"Posts","decl":{"start":{"line":50,"column":24},"end":{"line":50,"column":29}},"loc":{"start":{"line":50,"column":29},"end":{"line":91,"column":1}}},"1":{"name":"(anonymous_2)","decl":{"start":{"line":55,"column":22},"end":{"line":55,"column":23}},"loc":{"start":{"line":55,"column":37},"end":{"line":55,"column":null}}}},"branchMap":{},"s":{"0":0,"1":0,"2":0,"3":0,"4":0,"5":0},"f":{"0":0,"1":0},"b":{}}
,"/home/jailuser/git/web/components/SecondaryCta.tsx": {"path":"/home/jailuser/git/web/components/SecondaryCta.tsx","statementMap":{"0":{"start":{"line":2,"column":0},"end":{"line":2,"column":29}},"1":{"start":{"line":3,"column":0},"end":{"line":3,"column":29}},"2":{"start":{"line":5,"column":38},"end":{"line":5,"column":59}},"3":{"start":{"line":6,"column":2},"end":{"line":51,"column":4}},"4":{"start":{"line":58,"column":0},"end":{"line":58,"column":34}}},"fnMap":{"0":{"name":"SecondaryCta","decl":{"start":{"line":5,"column":9},"end":{"line":5,"column":21}},"loc":{"start":{"line":5,"column":59},"end":{"line":52,"column":1}}}},"branchMap":{"0":{"loc":{"start":{"line":18,"column":13},"end":{"line":36,"column":null}},"type":"cond-expr","locations":[{"start":{"line":19,"column":14},"end":{"line":26,"column":null}},{"start":{"line":29,"column":14},"end":{"line":33,"column":null}}]}},"s":{"0":0,"1":0,"2":0,"3":0,"4":0},"f":{"0":0},"b":{"0":[0,0]}}
,"/home/jailuser/git/web/lib/mailchimp.ts": {"path":"/home/jailuser/git/web/lib/mailchimp.ts","statementMap":{"0":{"start":{"line":1,"column":0},"end":{"line":1,"column":39}},"1":{"start":{"line":8,"column":2},"end":{"line":8,"column":93}},"2":{"start":{"line":7,"column":0},"end":{"line":7,"column":22}}},"fnMap":{"0":{"name":"subscribe","decl":{"start":{"line":7,"column":22},"end":{"line":7,"column":31}},"loc":{"start":{"line":7,"column":45},"end":{"line":9,"column":null}}}},"branchMap":{"0":{"loc":{"start":{"line":8,"column":2},"end":{"line":8,"column":93}},"type":"switch","locations":[{"start":{"line":8,"column":2},"end":{"line":8,"column":93}}]}},"s":{"0":0,"1":0,"2":0},"f":{"0":0},"b":{"0":[0]}}
,"/home/jailuser/git/web/pages/_app.tsx": {"path":"/home/jailuser/git/web/pages/_app.tsx","statementMap":{"0":{"start":{"line":2,"column":0},"end":{"line":2,"column":29}},"1":{"start":{"line":3,"column":0},"end":{"line":3,"column":47}},"2":{"start":{"line":5,"column":0},"end":{"line":5,"column":52}},"3":{"start":{"line":6,"column":0},"end":{"line":6,"column":36}},"4":{"start":{"line":8,"column":0},"end":{"line":8,"column":31}},"5":{"start":{"line":10,"column":26},"end":{"line":10,"column":28}},"6":{"start":{"line":10,"column":37},"end":{"line":10,"column":49}},"7":{"start":{"line":11,"column":2},"end":{"line":45,"column":4}},"8":{"start":{"line":48,"column":0},"end":{"line":48,"column":21}}},"fnMap":{"0":{"name":"MyApp","decl":{"start":{"line":10,"column":9},"end":{"line":10,"column":14}},"loc":{"start":{"line":10,"column":49},"end":{"line":46,"column":1}}}},"branchMap":{},"s":{"0":0,"1":0,"2":0,"3":0,"4":0,"5":0,"6":0,"7":0,"8":0},"f":{"0":0},"b":{}}
,"/home/jailuser/git/web/pages/_document.tsx": {"path":"/home/jailuser/git/web/pages/_document.tsx","statementMap":{"0":{"start":{"line":1,"column":0},"end":{"line":1,"column":61}},"1":{"start":{"line":4,"column":2},"end":{"line":19,"column":4}},"2":{"start":{"line":3,"column":0},"end":{"line":3,"column":24}}},"fnMap":{"0":{"name":"Document","decl":{"start":{"line":3,"column":24},"end":{"line":3,"column":32}},"loc":{"start":{"line":3,"column":32},"end":{"line":20,"column":1}}}},"branchMap":{},"s":{"0":0,"1":0,"2":0},"f":{"0":0},"b":{}}
,"/home/jailuser/git/web/pages/about.tsx": {"path":"/home/jailuser/git/web/pages/about.tsx","statementMap":{"0":{"start":{"line":1,"column":0},"end":{"line":1,"column":39}},"1":{"start":{"line":3,"column":19},"end":{"line":3,"column":65}},"2":{"start":{"line":3,"column":30},"end":{"line":3,"column":64}},"3":{"start":{"line":4,"column":17},"end":{"line":4,"column":61}},"4":{"start":{"line":4,"column":28},"end":{"line":4,"column":60}},"5":{"start":{"line":7,"column":2},"end":{"line":64,"column":4}},"6":{"start":{"line":6,"column":0},"end":{"line":6,"column":24}}},"fnMap":{"0":{"name":"(anonymous_6)","decl":{"start":{"line":3,"column":24},"end":{"line":3,"column":30}},"loc":{"start":{"line":3,"column":24},"end":{"line":3,"column":37}}},"1":{"name":"(anonymous_7)","decl":{"start":{"line":3,"column":30},"end":{"line":3,"column":37}},"loc":{"start":{"line":3,"column":30},"end":{"line":3,"column":64}}},"2":{"name":"(anonymous_8)","decl":{"start":{"line":4,"column":22},"end":{"line":4,"column":28}},"loc":{"start":{"line":4,"column":22},"end":{"line":4,"column":35}}},"3":{"name":"(anonymous_9)","decl":{"start":{"line":4,"column":28},"end":{"line":4,"column":35}},"loc":{"start":{"line":4,"column":28},"end":{"line":4,"column":60}}},"4":{"name":"About","decl":{"start":{"line":6,"column":24},"end":{"line":6,"column":29}},"loc":{"start":{"line":6,"column":29},"end":{"line":65,"column":1}}}},"branchMap":{},"s":{"0":0,"1":0,"2":0,"3":0,"4":0,"5":0,"6":0},"f":{"0":0,"1":0,"2":0,"3":0,"4":0},"b":{}}
,"/home/jailuser/git/web/pages/downloads.tsx": {"path":"/home/jailuser/git/web/pages/downloads.tsx","statementMap":{"0":{"start":{"line":1,"column":0},"end":{"line":1,"column":31}},"1":{"start":{"line":2,"column":0},"end":{"line":2,"column":29}},"2":{"start":{"line":3,"column":0},"end":{"line":3,"column":44}},"3":{"start":{"line":6,"column":5},"end":{"line":6,"column":null}},"4":{"start":{"line":7,"column":6},"end":{"line":7,"column":null}},"5":{"start":{"line":8,"column":7},"end":{"line":8,"column":null}},"6":{"start":{"line":9,"column":10},"end":{"line":9,"column":null}},"7":{"start":{"line":10,"column":6},"end":{"line":10,"column":null}},"8":{"start":{"line":18,"column":22},"end":{"line":18,"column":63}},"9":{"start":{"line":21,"column":4},"end":{"line":26,"column":null}},"10":{"start":{"line":30,"column":2},"end":{"line":36,"column":4}},"11":{"start":{"line":40,"column":2},"end":{"line":50,"column":4}},"12":{"start":{"line":39,"column":0},"end":{"line":39,"column":24}},"13":{"start":{"line":54,"column":2},"end":{"line":71,"column":4}},"14":{"start":{"line":81,"column":32},"end":{"line":81,"column":46}},"15":{"start":{"line":81,"column":16},"end":{"line":81,"column":18}},"16":{"start":{"line":81,"column":28},"end":{"line":81,"column":32}},"17":{"start":{"line":82,"column":26},"end":{"line":82,"column":40}},"18":{"start":{"line":82,"column":13},"end":{"line":82,"column":15}},"19":{"start":{"line":82,"column":22},"end":{"line":82,"column":26}},"20":{"start":{"line":84,"column":2},"end":{"line":96,"column":9}},"21":{"start":{"line":87,"column":8},"end":{"line":87,"column":25}},"22":{"start":{"line":88,"column":34},"end":{"line":88,"column":null}},"23":{"start":{"line":88,"column":82},"end":{"line":88,"column":91}},"24":{"start":{"line":88,"column":14},"end":{"line":88,"column":null}},"25":{"start":{"line":89,"column":8},"end":{"line":89,"column":21}},"26":{"start":{"line":92,"column":8},"end":{"line":92,"column":26}},"27":{"start":{"line":95,"column":4},"end":{"line":95,"column":10}},"28":{"start":{"line":98,"column":19},"end":{"line":98,"column":92}},"29":{"start":{"line":99,"column":15},"end":{"line":99,"column":45}},"30":{"start":{"line":101,"column":2},"end":{"line":109,"column":4}},"31":{"start":{"line":113,"column":2},"end":{"line":135,"column":4}}},"fnMap":{"0":{"name":"Panel","decl":{"start":{"line":5,"column":9},"end":{"line":5,"column":14}},"loc":{"start":{"line":17,"column":1},"end":{"line":37,"column":1}}},"1":{"name":"Downloads","decl":{"start":{"line":39,"column":24},"end":{"line":39,"column":33}},"loc":{"start":{"line":39,"column":33},"end":{"line":51,"column":1}}},"2":{"name":"_MobileSection","decl":{"start":{"line":53,"column":9},"end":{"line":53,"column":23}},"loc":{"start":{"line":53,"column":23},"end":{"line":72,"column":1}}},"3":{"name":"AndroidAPKDownload","decl":{"start":{"line":80,"column":9},"end":{"line":80,"column":27}},"loc":{"start":{"line":80,"column":27},"end":{"line":110,"column":1}}},"4":{"name":"(anonymous_18)","decl":{"start":{"line":84,"column":12},"end":{"line":84,"column":null}},"loc":{"start":{"line":84,"column":12},"end":{"line":96,"column":3}}},"5":{"name":"get","decl":{"start":{"line":85,"column":19},"end":{"line":85,"column":22}},"loc":{"start":{"line":85,"column":22},"end":{"line":94,"column":null}}},"6":{"name":"(anonymous_22)","decl":{"start":{"line":88,"column":77},"end":{"line":88,"column":78}},"loc":{"start":{"line":88,"column":78},"end":{"line":88,"column":83}}},"7":{"name":"_DesktopSection","decl":{"start":{"line":112,"column":9},"end":{"line":112,"column":24}},"loc":{"start":{"line":112,"column":24},"end":{"line":136,"column":1}}}},"branchMap":{"0":{"loc":{"start":{"line":25,"column":9},"end":{"line":25,"column":74}},"type":"binary-expr","locations":[{"start":{"line":25,"column":9},"end":{"line":25,"column":17}},{"start":{"line":25,"column":21},"end":{"line":25,"column":74}}]},"1":{"loc":{"start":{"line":30,"column":9},"end":{"line":35,"column":null}},"type":"cond-expr","locations":[{"start":{"line":31,"column":4},"end":{"line":32,"column":null}},{"start":{"line":35,"column":4},"end":{"line":35,"column":46}}]},"2":{"loc":{"start":{"line":31,"column":40},"end":{"line":31,"column":50}},"type":"cond-expr","locations":[{"start":{"line":31,"column":40},"end":{"line":31,"column":44}},{"start":{"line":31,"column":48},"end":{"line":31,"column":50}}]},"3":{"loc":{"start":{"line":31,"column":40},"end":{"line":31,"column":48}},"type":"binary-expr","locations":[{"start":{"line":31,"column":40},"end":{"line":31,"column":48}},{"start":{"line":31,"column":40},"end":{"line":31,"column":48}}]},"4":{"loc":{"start":{"line":98,"column":19},"end":{"line":98,"column":92}},"type":"cond-expr","locations":[{"start":{"line":98,"column":29},"end":{"line":98,"column":41}},{"start":{"line":98,"column":44},"end":{"line":98,"column":92}}]},"5":{"loc":{"start":{"line":99,"column":15},"end":{"line":99,"column":45}},"type":"cond-expr","locations":[{"start":{"line":99,"column":25},"end":{"line":99,"column":34}},{"start":{"line":99,"column":37},"end":{"line":99,"column":45}}]}},"s":{"0":0,"1":0,"2":0,"3":0,"4":0,"5":0,"6":0,"7":0,"8":0,"9":0,"10":0,"11":0,"12":0,"13":0,"14":0,"15":0,"16":0,"17":0,"18":0,"19":0,"20":0,"21":0,"22":0,"23":0,"24":0,"25":0,"26":0,"27":0,"28":0,"29":0,"30":0,"31":0},"f":{"0":0,"1":0,"2":0,"3":0,"4":0,"5":0,"6":0,"7":0},"b":{"0":[0,0],"1":[0,0],"2":[0,0],"3":[0,0],"4":[0,0],"5":[0,0]}}
,"/home/jailuser/git/web/pages/index.tsx": {"path":"/home/jailuser/git/web/pages/index.tsx","statementMap":{"0":{"start":{"line":1,"column":0},"end":{"line":1,"column":39}},"1":{"start":{"line":3,"column":13},"end":{"line":3,"column":53}},"2":{"start":{"line":3,"column":24},"end":{"line":3,"column":52}},"3":{"start":{"line":4,"column":14},"end":{"line":4,"column":55}},"4":{"start":{"line":4,"column":25},"end":{"line":4,"column":54}},"5":{"start":{"line":5,"column":19},"end":{"line":5,"column":65}},"6":{"start":{"line":5,"column":30},"end":{"line":5,"column":64}},"7":{"start":{"line":6,"column":17},"end":{"line":6,"column":61}},"8":{"start":{"line":6,"column":28},"end":{"line":6,"column":60}},"9":{"start":{"line":9,"column":2},"end":{"line":23,"column":4}},"10":{"start":{"line":8,"column":0},"end":{"line":8,"column":24}}},"fnMap":{"0":{"name":"(anonymous_6)","decl":{"start":{"line":3,"column":18},"end":{"line":3,"column":24}},"loc":{"start":{"line":3,"column":18},"end":{"line":3,"column":31}}},"1":{"name":"(anonymous_7)","decl":{"start":{"line":3,"column":24},"end":{"line":3,"column":31}},"loc":{"start":{"line":3,"column":24},"end":{"line":3,"column":52}}},"2":{"name":"(anonymous_8)","decl":{"start":{"line":4,"column":19},"end":{"line":4,"column":25}},"loc":{"start":{"line":4,"column":19},"end":{"line":4,"column":32}}},"3":{"name":"(anonymous_9)","decl":{"start":{"line":4,"column":25},"end":{"line":4,"column":32}},"loc":{"start":{"line":4,"column":25},"end":{"line":4,"column":54}}},"4":{"name":"(anonymous_10)","decl":{"start":{"line":5,"column":24},"end":{"line":5,"column":30}},"loc":{"start":{"line":5,"column":24},"end":{"line":5,"column":37}}},"5":{"name":"(anonymous_11)","decl":{"start":{"line":5,"column":30},"end":{"line":5,"column":37}},"loc":{"start":{"line":5,"column":30},"end":{"line":5,"column":64}}},"6":{"name":"(anonymous_12)","decl":{"start":{"line":6,"column":22},"end":{"line":6,"column":28}},"loc":{"start":{"line":6,"column":22},"end":{"line":6,"column":35}}},"7":{"name":"(anonymous_13)","decl":{"start":{"line":6,"column":28},"end":{"line":6,"column":35}},"loc":{"start":{"line":6,"column":28},"end":{"line":6,"column":60}}},"8":{"name":"Home","decl":{"start":{"line":8,"column":24},"end":{"line":8,"column":28}},"loc":{"start":{"line":8,"column":28},"end":{"line":24,"column":1}}}},"branchMap":{},"s":{"0":0,"1":0,"2":0,"3":0,"4":0,"5":0,"6":0,"7":0,"8":0,"9":0,"10":0},"f":{"0":0,"1":0,"2":0,"3":0,"4":0,"5":0,"6":0,"7":0,"8":0},"b":{}}
,"/home/jailuser/git/web/pages/privacy.tsx": {"path":"/home/jailuser/git/web/pages/privacy.tsx","statementMap":{"0":{"start":{"line":2,"column":2},"end":{"line":17,"column":4}},"1":{"start":{"line":1,"column":0},"end":{"line":1,"column":24}}},"fnMap":{"0":{"name":"Terms","decl":{"start":{"line":1,"column":24},"end":{"line":1,"column":29}},"loc":{"start":{"line":1,"column":29},"end":{"line":18,"column":1}}}},"branchMap":{},"s":{"0":0,"1":0},"f":{"0":0},"b":{}}
,"/home/jailuser/git/web/pages/terms.tsx": {"path":"/home/jailuser/git/web/pages/terms.tsx","statementMap":{"0":{"start":{"line":2,"column":2},"end":{"line":17,"column":4}},"1":{"start":{"line":1,"column":0},"end":{"line":1,"column":24}}},"fnMap":{"0":{"name":"Terms","decl":{"start":{"line":1,"column":24},"end":{"line":1,"column":29}},"loc":{"start":{"line":1,"column":29},"end":{"line":18,"column":1}}}},"branchMap":{},"s":{"0":0,"1":0},"f":{"0":0},"b":{}}
,"/home/jailuser/git/web/pages/api/apk-download-link.ts": {"path":"/home/jailuser/git/web/pages/api/apk-download-link.ts","statementMap":{"0":{"start":{"line":11,"column":35},"end":{"line":13,"column":null}},"1":{"start":{"line":13,"column":16},"end":{"line":13,"column":25}},"2":{"start":{"line":11,"column":10},"end":{"line":13,"column":null}},"3":{"start":{"line":14,"column":4},"end":{"line":14,"column":42}},"4":{"start":{"line":17,"column":4},"end":{"line":21,"column":7}},"5":{"start":{"line":9,"column":0},"end":{"line":9,"column":30}}},"fnMap":{"0":{"name":"handler","decl":{"start":{"line":9,"column":30},"end":{"line":9,"column":37}},"loc":{"start":{"line":9,"column":79},"end":{"line":23,"column":null}}},"1":{"name":"(anonymous_16)","decl":{"start":{"line":13,"column":11},"end":{"line":13,"column":12}},"loc":{"start":{"line":13,"column":12},"end":{"line":13,"column":17}}}},"branchMap":{},"s":{"0":0,"1":0,"2":0,"3":0,"4":0,"5":0},"f":{"0":0,"1":0},"b":{}}
,"/home/jailuser/git/web/pages/api/email.ts": {"path":"/home/jailuser/git/web/pages/api/email.ts","statementMap":{"0":{"start":{"line":1,"column":0},"end":{"line":1,"column":55}},"1":{"start":{"line":4,"column":0},"end":{"line":7,"column":3}},"2":{"start":{"line":9,"column":15},"end":{"line":9,"column":43}},"3":{"start":{"line":13,"column":2},"end":{"line":15,"column":null}},"4":{"start":{"line":14,"column":4},"end":{"line":14,"column":62}},"5":{"start":{"line":17,"column":8},"end":{"line":17,"column":32}},"6":{"start":{"line":20,"column":21},"end":{"line":23,"column":null}},"7":{"start":{"line":20,"column":10},"end":{"line":23,"column":null}},"8":{"start":{"line":25,"column":4},"end":{"line":25,"column":21}},"9":{"start":{"line":27,"column":4},"end":{"line":27,"column":45}},"10":{"start":{"line":28,"column":4},"end":{"line":28,"column":59}},"11":{"start":{"line":11,"column":0},"end":{"line":11,"column":30}}},"fnMap":{"0":{"name":"handler","decl":{"start":{"line":11,"column":30},"end":{"line":11,"column":37}},"loc":{"start":{"line":11,"column":79},"end":{"line":30,"column":null}}}},"branchMap":{"0":{"loc":{"start":{"line":13,"column":2},"end":{"line":15,"column":null}},"type":"if","locations":[{"start":{"line":13,"column":2},"end":{"line":15,"column":null}}]}},"s":{"0":0,"1":0,"2":0,"3":0,"4":0,"5":0,"6":0,"7":0,"8":0,"9":0,"10":0,"11":0},"f":{"0":0},"b":{"0":[0]}}
,"/home/jailuser/git/web/pages/ul/v1/browse/[[...url]].tsx": {"path":"/home/jailuser/git/web/pages/ul/v1/browse/[[...url]].tsx","statementMap":{"0":{"start":{"line":1,"column":0},"end":{"line":1,"column":40}},"1":{"start":{"line":2,"column":0},"end":{"line":2,"column":34}},"2":{"start":{"line":11,"column":17},"end":{"line":11,"column":28}},"3":{"start":{"line":13,"column":2},"end":{"line":38,"column":15}},"4":{"start":{"line":16,"column":4},"end":{"line":28,"column":null}},"5":{"start":{"line":18,"column":6},"end":{"line":27,"column":null}},"6":{"start":{"line":19,"column":33},"end":{"line":19,"column":84}},"7":{"start":{"line":19,"column":29},"end":{"line":19,"column":33}},"8":{"start":{"line":20,"column":35},"end":{"line":20,"column":74}},"9":{"start":{"line":20,"column":24},"end":{"line":20,"column":26}},"10":{"start":{"line":20,"column":30},"end":{"line":20,"column":35}},"11":{"start":{"line":21,"column":8},"end":{"line":23,"column":null}},"12":{"start":{"line":22,"column":10},"end":{"line":22,"column":67}},"13":{"start":{"line":24,"column":8},"end":{"line":24,"column":37}},"14":{"start":{"line":31,"column":4},"end":{"line":33,"column":13}},"15":{"start":{"line":32,"column":6},"end":{"line":32,"column":35}},"16":{"start":{"line":35,"column":4},"end":{"line":37,"column":6}},"17":{"start":{"line":36,"column":6},"end":{"line":36,"column":37}},"18":{"start":{"line":36,"column":17},"end":{"line":36,"column":37}},"19":{"start":{"line":40,"column":2},"end":{"line":44,"column":4}},"20":{"start":{"line":10,"column":0},"end":{"line":10,"column":24}}},"fnMap":{"0":{"name":"Browse","decl":{"start":{"line":10,"column":24},"end":{"line":10,"column":30}},"loc":{"start":{"line":10,"column":30},"end":{"line":45,"column":1}}},"1":{"name":"(anonymous_1)","decl":{"start":{"line":13,"column":12},"end":{"line":13,"column":null}},"loc":{"start":{"line":13,"column":12},"end":{"line":38,"column":3}}},"2":{"name":"(anonymous_2)","decl":{"start":{"line":31,"column":23},"end":{"line":31,"column":null}},"loc":{"start":{"line":31,"column":23},"end":{"line":33,"column":5}}},"3":{"name":"(anonymous_3)","decl":{"start":{"line":35,"column":11},"end":{"line":35,"column":null}},"loc":{"start":{"line":35,"column":11},"end":{"line":37,"column":5}}}},"branchMap":{"0":{"loc":{"start":{"line":16,"column":4},"end":{"line":28,"column":null}},"type":"if","locations":[{"start":{"line":16,"column":4},"end":{"line":28,"column":null}}]},"1":{"loc":{"start":{"line":16,"column":8},"end":{"line":16,"column":35}},"type":"cond-expr","locations":[{"start":{"line":16,"column":23},"end":{"line":16,"column":25}},{"start":{"line":16,"column":23},"end":{"line":16,"column":35}}]},"2":{"loc":{"start":{"line":16,"column":8},"end":{"line":16,"column":25}},"type":"binary-expr","locations":[{"start":{"line":16,"column":8},"end":{"line":16,"column":25}},{"start":{"line":16,"column":23},"end":{"line":16,"column":25}}]},"3":{"loc":{"start":{"line":21,"column":8},"end":{"line":23,"column":null}},"type":"if","locations":[{"start":{"line":21,"column":8},"end":{"line":23,"column":null}}]},"4":{"loc":{"start":{"line":36,"column":6},"end":{"line":36,"column":37}},"type":"if","locations":[{"start":{"line":36,"column":6},"end":{"line":36,"column":37}}]}},"s":{"0":0,"1":0,"2":0,"3":0,"4":0,"5":0,"6":0,"7":0,"8":0,"9":0,"10":0,"11":0,"12":0,"13":0,"14":0,"15":0,"16":0,"17":0,"18":0,"19":0,"20":0},"f":{"0":0,"1":0,"2":0,"3":0},"b":{"0":[0],"1":[0,0],"2":[0,0],"3":[0],"4":[0]}}
}