TN:
SF:components/AppNoLink.tsx
FN:4,AppNoLink
FNF:1
FNH:0
FNDA:0,AppNoLink
DA:1,0
DA:2,0
DA:4,0
DA:5,0
DA:32,0
LF:5
LH:0
BRF:0
BRH:0
end_of_record
TN:
SF:components/CoralFooter.tsx
FN:5,CoralFooter
FNF:1
FNH:0
FNDA:0,CoralFooter
DA:1,0
DA:2,0
DA:3,0
DA:6,0
DA:48,0
LF:5
LH:0
BRF:0
BRH:0
end_of_record
TN:
SF:components/Hero.tsx
FN:7,Hero
FN:51,(anonymous_1)
FNF:2
FNH:0
FNDA:0,Hero
FNDA:0,(anonymous_1)
DA:1,0
DA:5,0
DA:24,0
DA:51,0
DA:117,0
LF:5
LH:0
BRF:0
BRH:0
end_of_record
TN:
SF:components/Nav.tsx
FN:8,classNames
FN:23,Nav
FN:29,(anonymous_3)
FN:44,(anonymous_4)
FN:70,(anonymous_5)
FN:126,(anonymous_6)
FNF:6
FNH:0
FNDA:0,classNames
FNDA:0,Nav
FNDA:0,(anonymous_3)
FNDA:0,(anonymous_4)
FNDA:0,(anonymous_5)
FNDA:0,(anonymous_6)
DA:1,0
DA:2,0
DA:3,0
DA:4,0
DA:5,0
DA:6,0
DA:8,0
DA:9,0
DA:12,0
DA:24,0
DA:26,0
DA:29,0
DA:45,0
DA:46,0
DA:60,0
DA:61,0
DA:70,0
DA:83,0
DA:126,0
DA:148,0
LF:20
LH:0
BRDA:45,0,0,0
BRDA:45,0,1,0
BRDA:54,1,0,0
BRDA:54,1,1,0
BRDA:60,2,0,0
BRDA:60,2,1,0
BRDA:89,3,0,0
BRDA:89,3,1,0
BRDA:93,4,0,0
BRDA:93,4,1,0
BRDA:113,5,0,0
BRDA:113,5,1,0
BRDA:131,6,0,0
BRDA:131,6,1,0
BRDA:135,7,0,0
BRDA:135,7,1,0
BRF:16
BRH:0
end_of_record
TN:
SF:components/Newsletter.tsx
FN:6,Newsletter
FN:10,subscribeEmail
FN:49,(anonymous_17)
FNF:3
FNH:0
FNDA:0,Newsletter
FNDA:0,subscribeEmail
FNDA:0,(anonymous_17)
DA:1,0
DA:2,0
DA:4,0
DA:7,0
DA:8,0
DA:11,0
DA:15,0
DA:16,0
DA:17,0
DA:23,0
DA:49,0
DA:77,0
LF:12
LH:0
BRDA:62,0,0,0
BRDA:62,0,1,0
BRDA:66,1,0,0
BRDA:66,1,1,0
BRF:4
BRH:0
end_of_record
TN:
SF:components/Partners.tsx
FN:32,Partners
FN:38,(anonymous_2)
FNF:2
FNH:0
FNDA:0,Partners
FNDA:0,(anonymous_2)
DA:1,0
DA:2,0
DA:4,0
DA:33,0
DA:39,0
DA:40,0
DA:46,0
DA:64,0
LF:8
LH:0
BRDA:39,0,0,0
BRDA:39,0,1,0
BRF:2
BRH:0
end_of_record
TN:
SF:components/PlaceholderApps.tsx
FN:20,PlaceholderApps
FN:30,(anonymous_2)
FNF:2
FNH:0
FNDA:0,PlaceholderApps
FNDA:0,(anonymous_2)
DA:2,0
DA:4,0
DA:6,0
DA:21,0
DA:30,0
DA:40,0
LF:6
LH:0
BRF:0
BRH:0
end_of_record
TN:
SF:components/Posts.tsx
FN:50,Posts
FN:55,(anonymous_2)
FNF:2
FNH:0
FNDA:0,Posts
FNDA:0,(anonymous_2)
DA:2,0
DA:3,0
DA:5,0
DA:50,0
DA:51,0
DA:55,0
LF:6
LH:0
BRF:0
BRH:0
end_of_record
TN:
SF:components/SecondaryCta.tsx
FN:5,SecondaryCta
FNF:1
FNH:0
FNDA:0,SecondaryCta
DA:2,0
DA:3,0
DA:5,0
DA:6,0
DA:58,0
LF:5
LH:0
BRDA:18,0,0,0
BRDA:18,0,1,0
BRF:2
BRH:0
end_of_record
TN:
SF:lib/mailchimp.ts
FN:7,subscribe
FNF:1
FNH:0
FNDA:0,subscribe
DA:1,0
DA:7,0
DA:8,0
LF:3
LH:0
BRDA:8,0,0,0
BRF:1
BRH:0
end_of_record
TN:
SF:pages/_app.tsx
FN:10,MyApp
FNF:1
FNH:0
FNDA:0,MyApp
DA:2,0
DA:3,0
DA:5,0
DA:6,0
DA:8,0
DA:10,0
DA:11,0
DA:48,0
LF:8
LH:0
BRF:0
BRH:0
end_of_record
TN:
SF:pages/_document.tsx
FN:3,Document
FNF:1
FNH:0
FNDA:0,Document
DA:1,0
DA:3,0
DA:4,0
LF:3
LH:0
BRF:0
BRH:0
end_of_record
TN:
SF:pages/about.tsx
FN:3,(anonymous_6)
FN:3,(anonymous_7)
FN:4,(anonymous_8)
FN:4,(anonymous_9)
FN:6,About
FNF:5
FNH:0
FNDA:0,(anonymous_6)
FNDA:0,(anonymous_7)
FNDA:0,(anonymous_8)
FNDA:0,(anonymous_9)
FNDA:0,About
DA:1,0
DA:3,0
DA:4,0
DA:6,0
DA:7,0
LF:5
LH:0
BRF:0
BRH:0
end_of_record
TN:
SF:pages/downloads.tsx
FN:5,Panel
FN:39,Downloads
FN:53,_MobileSection
FN:80,AndroidAPKDownload
FN:84,(anonymous_18)
FN:85,get
FN:88,(anonymous_22)
FN:112,_DesktopSection
FNF:8
FNH:0
FNDA:0,Panel
FNDA:0,Downloads
FNDA:0,_MobileSection
FNDA:0,AndroidAPKDownload
FNDA:0,(anonymous_18)
FNDA:0,get
FNDA:0,(anonymous_22)
FNDA:0,_DesktopSection
DA:1,0
DA:2,0
DA:3,0
DA:6,0
DA:7,0
DA:8,0
DA:9,0
DA:10,0
DA:18,0
DA:21,0
DA:30,0
DA:39,0
DA:40,0
DA:54,0
DA:81,0
DA:82,0
DA:84,0
DA:87,0
DA:88,0
DA:89,0
DA:92,0
DA:95,0
DA:98,0
DA:99,0
DA:101,0
DA:113,0
LF:26
LH:0
BRDA:25,0,0,0
BRDA:25,0,1,0
BRDA:30,1,0,0
BRDA:30,1,1,0
BRDA:31,2,0,0
BRDA:31,2,1,0
BRDA:31,3,0,0
BRDA:31,3,1,0
BRDA:98,4,0,0
BRDA:98,4,1,0
BRDA:99,5,0,0
BRDA:99,5,1,0
BRF:12
BRH:0
end_of_record
TN:
SF:pages/index.tsx
FN:3,(anonymous_6)
FN:3,(anonymous_7)
FN:4,(anonymous_8)
FN:4,(anonymous_9)
FN:5,(anonymous_10)
FN:5,(anonymous_11)
FN:6,(anonymous_12)
FN:6,(anonymous_13)
FN:8,Home
FNF:9
FNH:0
FNDA:0,(anonymous_6)
FNDA:0,(anonymous_7)
FNDA:0,(anonymous_8)
FNDA:0,(anonymous_9)
FNDA:0,(anonymous_10)
FNDA:0,(anonymous_11)
FNDA:0,(anonymous_12)
FNDA:0,(anonymous_13)
FNDA:0,Home
DA:1,0
DA:3,0
DA:4,0
DA:5,0
DA:6,0
DA:8,0
DA:9,0
LF:7
LH:0
BRF:0
BRH:0
end_of_record
TN:
SF:pages/privacy.tsx
FN:1,Terms
FNF:1
FNH:0
FNDA:0,Terms
DA:1,0
DA:2,0
LF:2
LH:0
BRF:0
BRH:0
end_of_record
TN:
SF:pages/terms.tsx
FN:1,Terms
FNF:1
FNH:0
FNDA:0,Terms
DA:1,0
DA:2,0
LF:2
LH:0
BRF:0
BRH:0
end_of_record
TN:
SF:pages/api/apk-download-link.ts
FN:9,handler
FN:13,(anonymous_16)
FNF:2
FNH:0
FNDA:0,handler
FNDA:0,(anonymous_16)
DA:9,0
DA:11,0
DA:13,0
DA:14,0
DA:17,0
LF:5
LH:0
BRF:0
BRH:0
end_of_record
TN:
SF:pages/api/email.ts
FN:11,handler
FNF:1
FNH:0
FNDA:0,handler
DA:1,0
DA:4,0
DA:9,0
DA:11,0
DA:13,0
DA:14,0
DA:17,0
DA:20,0
DA:25,0
DA:27,0
DA:28,0
LF:11
LH:0
BRDA:13,0,0,0
BRF:1
BRH:0
end_of_record
TN:
SF:pages/ul/v1/browse/[[...url]].tsx
FN:10,Browse
FN:13,(anonymous_1)
FN:31,(anonymous_2)
FN:35,(anonymous_3)
FNF:4
FNH:0
FNDA:0,Browse
FNDA:0,(anonymous_1)
FNDA:0,(anonymous_2)
FNDA:0,(anonymous_3)
DA:1,0
DA:2,0
DA:10,0
DA:11,0
DA:13,0
DA:16,0
DA:18,0
DA:19,0
DA:20,0
DA:21,0
DA:22,0
DA:24,0
DA:31,0
DA:32,0
DA:35,0
DA:36,0
DA:40,0
LF:17
LH:0
BRDA:16,0,0,0
BRDA:16,1,0,0
BRDA:16,1,1,0
BRDA:16,2,0,0
BRDA:16,2,1,0
BRDA:21,3,0,0
BRDA:36,4,0,0
BRF:7
BRH:0
end_of_record